make all --print-data-base --no-builtin-variables --no-builtin-rules --question
# GNU Make 3.81
# Copyright (C) 2006  Free Software Foundation, Inc.
# This is free software; see the source for copying conditions.
# There is NO warranty; not even for MERCHANTABILITY or FITNESS FOR A
# PARTICULAR PURPOSE.

# This program built for i386-apple-darwin11.3.0
make game
# GNU Make 3.81
# Copyright (C) 2006  Free Software Foundation, Inc.
# This is free software; see the source for copying conditions.
# There is NO warranty; not even for MERCHANTABILITY or FITNESS FOR A
# PARTICULAR PURPOSE.

# This program built for i386-apple-darwin11.3.0

# Make data base, printed on Tue Apr 19 11:45:35 2022

# Variables

# automatic
<D = $(patsubst %/,%,$(dir $<))
# environment
RUBY_VERSION = ruby-2.7.2
# automatic
?F = $(notdir $?)
# makefile (from `Makefile', line 360)
SRC = $(call rwildcard, *.c, *.h)
# environment
VSCODE_LOG_NATIVE = false
# makefile (from `Makefile', line 64)
USE_WAYLAND_DISPLAY = FALSE
# automatic
?D = $(patsubst %/,%,$(dir $?))
# environment
rvm_path = /Users/maciejniklas/.rvm
# makefile (from `Makefile', line 32)
COMPILER_PATH = C:/raylib/w64devkit/bin
# makefile (from `Makefile', line 28)
RAYLIB_VERSION = 4.0.0
# automatic
@D = $(patsubst %/,%,$(dir $@))
# automatic
@F = $(notdir $@)
# makefile (from `Makefile', line 327)
LDLIBS = -lraylib -framework OpenGL -framework OpenAL -framework Cocoa
# makefile
CURDIR := /Users/maciejniklas/Repositories/AxeGame
# makefile
SHELL = /bin/sh
# environment
VSCODE_NLS_CONFIG = {"locale":"en-gb","availableLanguages":{},"_languagePackSupport":true}
# environment
_ = /usr/bin/make
# makefile (from `Makefile', line 201)
CFLAGS = -Wall -std=c++20 -D_DEFAULT_SOURCE -Wno-missing-braces -s -O1
# makefile (from `Makefile', line 1)
MAKEFILE_LIST :=  Makefile
# makefile (from `Makefile', line 357)
OBJ_DIR = obj
# environment
VSCODE_VERBOSE_LOGGING = true
# makefile (from `Makefile', line 56)
BUILD_MODE = RELEASE
# environment
__CFBundleIdentifier = com.microsoft.VSCode
# environment
VSCODE_IPC_HOOK_EXTHOST = /var/folders/1z/5d612gsj56d17jn_bb9jpp7w0000gn/T/vscode-ipc-35027442-13c8-4996-98db-c4951717a6c7.sock
# environment
VSCODE_CWD = /
# environment
PATH = /Users/maciejniklas/.rvm/gems/ruby-2.7.2/bin:/Users/maciejniklas/.rvm/gems/ruby-2.7.2@global/bin:/Users/maciejniklas/.rvm/rubies/ruby-2.7.2/bin:/Users/maciejniklas/.sdkman/candidates/java/current/bin:/usr/local/bin:/usr/bin:/bin:/usr/sbin:/sbin:/Applications/VMware Fusion.app/Contents/Public:/usr/local/share/dotnet:~/.dotnet/tools:/Library/Apple/usr/bin:/Library/Frameworks/Mono.framework/Versions/Current/Commands:/Users/maciejniklas/.rvm/bin:/Users/maciejniklas/flutter/bin
# makefile (from `Makefile', line 74)
UNAMEOS = $(shell uname)
# makefile (from `Makefile', line 29)
RAYLIB_PATH = ..\..
# environment
SDKMAN_DIR = /Users/maciejniklas/.sdkman
# environment
SDKMAN_CANDIDATES_API = https://api.sdkman.io/2
# environment
SDKMAN_PLATFORM = darwinx64
# environment
VSCODE_LOG_STACK = false
# environment
ELECTRON_RUN_AS_NODE = 1
# makefile (from `Makefile', line 255)
INCLUDE_PATHS = -I. -I$(RAYLIB_PATH)/src -I$(RAYLIB_PATH)/src/external
# makefile (from `Makefile', line 277)
LDFLAGS = -L. -L$(RAYLIB_RELEASE_PATH) -L$(RAYLIB_PATH)/src
# default
.FEATURES := target-specific order-only second-expansion else-if archives jobserver check-symlink
# makefile (from `Makefile', line 60)
USE_EXTERNAL_GLFW = FALSE
# environment
SSH_AUTH_SOCK = /private/tmp/com.apple.launchd.l7ZRiERzSA/Listeners
# automatic
%F = $(notdir $%)
# environment
VSCODE_PIPE_LOGGING = true
# makefile (from `Makefile', line 362)
OBJS = main.c
# makefile (from `Makefile', line 91)
PLATFORM_OS = OSX
# environment
rvm_bin_path = /Users/maciejniklas/.rvm/bin
# environment
PWD = /Users/maciejniklas/Repositories/AxeGame
# environment
GEM_HOME = /Users/maciejniklas/.rvm/gems/ruby-2.7.2
# environment
ORIGINAL_XDG_CURRENT_DESKTOP = undefined
# environment
VSCODE_AMD_ENTRYPOINT = vs/workbench/api/node/extensionHostProcess
# environment
HOME = /Users/maciejniklas
# default
MAKEFILEPATH := /Applications/Xcode.app/Contents/Developer/Makefiles
# environment
VSCODE_CODE_CACHE_PATH = /Users/maciejniklas/Library/Application Support/Code/CachedData/dfd34e8260c270da74b5c2d86d61aee4b6d56977
# environment
LOGNAME = maciejniklas
# environment
APPLICATION_INSIGHTS_NO_DIAGNOSTIC_CHANNEL = 1
# makefile (from `Makefile', line 370)
MAKEFILE_PARAMS = $(PROJECT_NAME)
# environment
VSCODE_HANDLES_UNCAUGHT_ERRORS = true
# automatic
^D = $(patsubst %/,%,$(dir $^))
# environment
GEM_PATH = /Users/maciejniklas/.rvm/gems/ruby-2.7.2:/Users/maciejniklas/.rvm/gems/ruby-2.7.2@global
# environment
XPC_FLAGS = 0x0
# environment
SDKMAN_VERSION = 5.14.1
# makefile (from `Makefile', line 182)
MAKE = make
# default
MAKECMDGOALS := game
# environment
IRBRC = /Users/maciejniklas/.rvm/rubies/ruby-2.7.2/.irbrc
# environment
SHLVL = 1
# makefile (from `Makefile', line 153)
CC = clang
# environment
JAVA_HOME = /Users/maciejniklas/.sdkman/candidates/java/current
# makefile (from `Makefile', line 50)
RAYLIB_H_INSTALL_PATH = $(DESTDIR)/include
# default
MAKE_VERSION := 3.81
# environment
USER = maciejniklas
# makefile
.DEFAULT_GOAL := all
# makefile (from `Makefile', line 47)
DESTDIR = /usr/local
# environment
rvm_version = 1.29.12 (latest)
# automatic
%D = $(patsubst %/,%,$(dir $%))
# makefile (from `Makefile', line 353)
rwildcard = $(foreach d,$(wildcard $1*),$(call rwildcard,$d/,$2) $(filter $(subst *,%,$2),$d))
# default
MAKE_COMMAND := /Applications/Xcode.app/Contents/Developer/usr/bin/make
# default
.VARIABLES := 
# environment
TMPDIR = /var/folders/1z/5d612gsj56d17jn_bb9jpp7w0000gn/T/
# automatic
*F = $(notdir $*)
# environment
VSCODE_IPC_HOOK = /Users/maciejniklas/Library/Application Support/Code/1.66.2-main.sock
# makefile (from `Makefile', line 226)
EXT = .out
# makefile
MAKEFLAGS = Rrqp
# environment
MFLAGS = -Rrqp
# automatic
*D = $(patsubst %/,%,$(dir $*))
# environment
XPC_SERVICE_NAME = application.com.microsoft.VSCode.23028161.23028168
# automatic
+D = $(patsubst %/,%,$(dir $+))
# automatic
+F = $(notdir $+)
# makefile (from `Makefile', line 144)
EXAMPLE_RUNTIME_PATH = $(RAYLIB_RELEASE_PATH)
# environment
__CF_USER_TEXT_ENCODING = 0x1F5:0x0:0x0
# environment
COMMAND_MODE = unix2003
# makefile (from `Makefile', line 36)
PLATFORM = PLATFORM_DESKTOP
# default
MAKEFILES := 
# makefile (from `Makefile', line 356)
SRC_DIR = src
# automatic
<F = $(notdir $<)
# makefile (from `Makefile', line 130)
RAYLIB_RELEASE_PATH = $(RAYLIB_PATH)/src
# makefile (from `Makefile', line 27)
PROJECT_NAME = game
# environment
SDKMAN_CANDIDATES_DIR = /Users/maciejniklas/.sdkman/candidates
# makefile (from `Makefile', line 48)
RAYLIB_INSTALL_PATH = $(DESTDIR)/lib
# environment
LC_ALL = C
# automatic
^F = $(notdir $^)
# environment
rvm_prefix = /Users/maciejniklas
# default
SUFFIXES := 
# makefile (from `Makefile', line 53)
RAYLIB_LIBTYPE = STATIC
# default
.INCLUDE_DIRS = /usr/local/include
# environment
MAKELEVEL := 1
# environment
LANG = C
# environment
VSCODE_PID = 31799
# environment
MY_RUBY_HOME = /Users/maciejniklas/.rvm/rubies/ruby-2.7.2
# variable set hash-table stats:
# Load=105/1024=10%, Rehash=0, Collisions=8/219=4%

# Pattern-specific Variable Values

# No pattern-specific variable values.

# Directories

# . (device 16777220, inode 23120551): 13 files, no impossibilities.
# src: could not be stat'd.

# 13 files, no impossibilities in 2 directories.

# Implicit Rules

obj/%.o: src/%.c
#  commands to execute (from `Makefile', line 386):
	$(CC) -c $< -o $@ $(CFLAGS) $(INCLUDE_PATHS) -D$(PLATFORM)
	

# 1 implicit rules, 0 (0.0%) terminal.

# Files

all:
#  Phony target (prerequisite of .PHONY).
#  Implicit rule search has not been done.
#  File does not exist.
#  File has not been updated.
#  commands to execute (from `Makefile', line 376):
	$(MAKE) $(MAKEFILE_PARAMS)
	

.PHONY: all clean
#  Implicit rule search has not been done.
#  Modification time never checked.
#  File has not been updated.

# Not a target:
main.c:
#  Implicit rule search has been done.
#  File does not exist.
#  File has not been updated.
# variable set hash-table stats:
# Load=0/32=0%, Rehash=0, Collisions=0/0=0%

# Not a target:
.SUFFIXES:
 
make[1]: *** No rule to make target `main.c', needed by `game'.  Stop.
make: *** [all] Error 2

#  Implicit rule search has not been done.
#  Modification time never checked.
#  File has not been updated.

# Not a target:
Makefile:
#  Implicit rule search has been done.
#  Last modified 2022-04-18 21:41:47
#  File has been updated.
#  Successfully updated.
# variable set hash-table stats:
# Load=0/32=0%, Rehash=0, Collisions=0/0=0%

# Not a target:
.DEFAULT:
#  Implicit rule search has not been done.
#  Modification time never checked.
#  File has not been updated.

clean:
#  Phony target (prerequisite of .PHONY).
#  Implicit rule search has not been done.
#  File does not exist.
#  File has not been updated.
#  commands to execute (from `Makefile', line 398):
	find . -type f -perm +ugo+x -delete
	rm -f *.o
	@echo Cleaning done
	

game: main.c
#  Command-line target.
#  Implicit rule search has not been done.
#  File does not exist.
#  File has not been updated.
# variable set hash-table stats:
# Load=0/32=0%, Rehash=0, Collisions=0/0=0%
#  commands to execute (from `Makefile', line 380):
	$(CC) -o $(PROJECT_NAME)$(EXT) $(OBJS) $(CFLAGS) $(INCLUDE_PATHS) $(LDFLAGS) $(LDLIBS) -D$(PLATFORM)
	

# files hash-table stats:
# Load=8/1024=1%, Rehash=0, Collisions=0/24=0%
# VPATH Search Paths

# No `vpath' search paths.

# No general (`VPATH' variable) search path.

# # of strings in strcache: 1
# # of strcache buffers: 1
# strcache size: total = 4096 / max = 4096 / min = 4096 / avg = 4096
# strcache free: total = 4087 / max = 4087 / min = 4087 / avg = 4087

# Finished Make data base on Tue Apr 19 11:45:35 2022


# Make data base, printed on Tue Apr 19 11:45:35 2022

# Variables

# automatic
<D = $(patsubst %/,%,$(dir $<))
# environment
RUBY_VERSION = ruby-2.7.2
# automatic
?F = $(notdir $?)
# makefile (from `Makefile', line 360)
SRC = $(call rwildcard, *.c, *.h)
# environment
VSCODE_LOG_NATIVE = false
# makefile (from `Makefile', line 64)
USE_WAYLAND_DISPLAY = FALSE
# automatic
?D = $(patsubst %/,%,$(dir $?))
# environment
rvm_path = /Users/maciejniklas/.rvm
# makefile (from `Makefile', line 32)
COMPILER_PATH = C:/raylib/w64devkit/bin
# makefile (from `Makefile', line 28)
RAYLIB_VERSION = 4.0.0
# automatic
@D = $(patsubst %/,%,$(dir $@))
# automatic
@F = $(notdir $@)
# makefile (from `Makefile', line 327)
LDLIBS = -lraylib -framework OpenGL -framework OpenAL -framework Cocoa
# makefile
CURDIR := /Users/maciejniklas/Repositories/AxeGame
# makefile
SHELL = /bin/sh
# environment
VSCODE_NLS_CONFIG = {"locale":"en-gb","availableLanguages":{},"_languagePackSupport":true}
# environment
_ = /usr/bin/make
# makefile (from `Makefile', line 201)
CFLAGS = -Wall -std=c++20 -D_DEFAULT_SOURCE -Wno-missing-braces -s -O1
# makefile (from `Makefile', line 1)
MAKEFILE_LIST :=  Makefile
# makefile (from `Makefile', line 357)
OBJ_DIR = obj
# environment
VSCODE_VERBOSE_LOGGING = true
# makefile (from `Makefile', line 56)
BUILD_MODE = RELEASE
# environment
__CFBundleIdentifier = com.microsoft.VSCode
# environment
VSCODE_IPC_HOOK_EXTHOST = /var/folders/1z/5d612gsj56d17jn_bb9jpp7w0000gn/T/vscode-ipc-35027442-13c8-4996-98db-c4951717a6c7.sock
# environment
VSCODE_CWD = /
# environment
PATH = /Users/maciejniklas/.rvm/gems/ruby-2.7.2/bin:/Users/maciejniklas/.rvm/gems/ruby-2.7.2@global/bin:/Users/maciejniklas/.rvm/rubies/ruby-2.7.2/bin:/Users/maciejniklas/.sdkman/candidates/java/current/bin:/usr/local/bin:/usr/bin:/bin:/usr/sbin:/sbin:/Applications/VMware Fusion.app/Contents/Public:/usr/local/share/dotnet:~/.dotnet/tools:/Library/Apple/usr/bin:/Library/Frameworks/Mono.framework/Versions/Current/Commands:/Users/maciejniklas/.rvm/bin:/Users/maciejniklas/flutter/bin
# makefile (from `Makefile', line 74)
UNAMEOS = $(shell uname)
# makefile (from `Makefile', line 29)
RAYLIB_PATH = ..\..
# environment
SDKMAN_DIR = /Users/maciejniklas/.sdkman
# environment
SDKMAN_CANDIDATES_API = https://api.sdkman.io/2
# environment
SDKMAN_PLATFORM = darwinx64
# environment
VSCODE_LOG_STACK = false
# environment
ELECTRON_RUN_AS_NODE = 1
# makefile (from `Makefile', line 255)
INCLUDE_PATHS = -I. -I$(RAYLIB_PATH)/src -I$(RAYLIB_PATH)/src/external
# makefile (from `Makefile', line 277)
LDFLAGS = -L. -L$(RAYLIB_RELEASE_PATH) -L$(RAYLIB_PATH)/src
# default
.FEATURES := target-specific order-only second-expansion else-if archives jobserver check-symlink
# makefile (from `Makefile', line 60)
USE_EXTERNAL_GLFW = FALSE
# environment
SSH_AUTH_SOCK = /private/tmp/com.apple.launchd.l7ZRiERzSA/Listeners
# automatic
%F = $(notdir $%)
# environment
VSCODE_PIPE_LOGGING = true
# makefile (from `Makefile', line 362)
OBJS = main.c
# makefile (from `Makefile', line 91)
PLATFORM_OS = OSX
# environment
rvm_bin_path = /Users/maciejniklas/.rvm/bin
# environment
PWD = /Users/maciejniklas/Repositories/AxeGame
# environment
GEM_HOME = /Users/maciejniklas/.rvm/gems/ruby-2.7.2
# environment
ORIGINAL_XDG_CURRENT_DESKTOP = undefined
# environment
VSCODE_AMD_ENTRYPOINT = vs/workbench/api/node/extensionHostProcess
# environment
HOME = /Users/maciejniklas
# default
MAKEFILEPATH := /Applications/Xcode.app/Contents/Developer/Makefiles
# environment
VSCODE_CODE_CACHE_PATH = /Users/maciejniklas/Library/Application Support/Code/CachedData/dfd34e8260c270da74b5c2d86d61aee4b6d56977
# environment
LOGNAME = maciejniklas
# environment
APPLICATION_INSIGHTS_NO_DIAGNOSTIC_CHANNEL = 1
# makefile (from `Makefile', line 370)
MAKEFILE_PARAMS = $(PROJECT_NAME)
# environment
VSCODE_HANDLES_UNCAUGHT_ERRORS = true
# automatic
^D = $(patsubst %/,%,$(dir $^))
# environment
GEM_PATH = /Users/maciejniklas/.rvm/gems/ruby-2.7.2:/Users/maciejniklas/.rvm/gems/ruby-2.7.2@global
# environment
XPC_FLAGS = 0x0
# environment
SDKMAN_VERSION = 5.14.1
# makefile (from `Makefile', line 182)
MAKE = make
# default
MAKECMDGOALS := all
# environment
IRBRC = /Users/maciejniklas/.rvm/rubies/ruby-2.7.2/.irbrc
# environment
SHLVL = 1
# makefile (from `Makefile', line 153)
CC = clang
# environment
JAVA_HOME = /Users/maciejniklas/.sdkman/candidates/java/current
# makefile (from `Makefile', line 50)
RAYLIB_H_INSTALL_PATH = $(DESTDIR)/include
# default
MAKE_VERSION := 3.81
# environment
USER = maciejniklas
# makefile
.DEFAULT_GOAL := all
# makefile (from `Makefile', line 47)
DESTDIR = /usr/local
# environment
rvm_version = 1.29.12 (latest)
# automatic
%D = $(patsubst %/,%,$(dir $%))
# makefile (from `Makefile', line 353)
rwildcard = $(foreach d,$(wildcard $1*),$(call rwildcard,$d/,$2) $(filter $(subst *,%,$2),$d))
# default
MAKE_COMMAND := /Applications/Xcode.app/Contents/Developer/usr/bin/make
# default
.VARIABLES := 
# environment
TMPDIR = /var/folders/1z/5d612gsj56d17jn_bb9jpp7w0000gn/T/
# automatic
*F = $(notdir $*)
# environment
VSCODE_IPC_HOOK = /Users/maciejniklas/Library/Application Support/Code/1.66.2-main.sock
# makefile (from `Makefile', line 226)
EXT = .out
# makefile
MAKEFLAGS = Rrqp
# environment
MFLAGS = -Rrqp
# automatic
*D = $(patsubst %/,%,$(dir $*))
# environment
XPC_SERVICE_NAME = application.com.microsoft.VSCode.23028161.23028168
# automatic
+D = $(patsubst %/,%,$(dir $+))
# automatic
+F = $(notdir $+)
# makefile (from `Makefile', line 144)
EXAMPLE_RUNTIME_PATH = $(RAYLIB_RELEASE_PATH)
# environment
__CF_USER_TEXT_ENCODING = 0x1F5:0x0:0x0
# environment
COMMAND_MODE = unix2003
# makefile (from `Makefile', line 36)
PLATFORM = PLATFORM_DESKTOP
# default
MAKEFILES := 
# makefile (from `Makefile', line 356)
SRC_DIR = src
# automatic
<F = $(notdir $<)
# makefile (from `Makefile', line 130)
RAYLIB_RELEASE_PATH = $(RAYLIB_PATH)/src
# makefile (from `Makefile', line 27)
PROJECT_NAME = game
# environment
SDKMAN_CANDIDATES_DIR = /Users/maciejniklas/.sdkman/candidates
# makefile (from `Makefile', line 48)
RAYLIB_INSTALL_PATH = $(DESTDIR)/lib
# environment
LC_ALL = C
# automatic
^F = $(notdir $^)
# environment
rvm_prefix = /Users/maciejniklas
# default
SUFFIXES := 
# makefile (from `Makefile', line 53)
RAYLIB_LIBTYPE = STATIC
# default
.INCLUDE_DIRS = /usr/local/include
# environment
MAKELEVEL := 0
# environment
LANG = C
# environment
VSCODE_PID = 31799
# environment
MY_RUBY_HOME = /Users/maciejniklas/.rvm/rubies/ruby-2.7.2
# variable set hash-table stats:
# Load=105/1024=10%, Rehash=0, Collisions=8/221=4%

# Pattern-specific Variable Values

 
# No pattern-specific variable values.

# Directories

# . (device 16777220, inode 23120551): 13 files, no impossibilities.
# src: could not be stat'd.

# 13 files, no impossibilities in 2 directories.

# Implicit Rules

obj/%.o: src/%.c
#  commands to execute (from `Makefile', line 386):
	$(CC) -c $< -o $@ $(CFLAGS) $(INCLUDE_PATHS) -D$(PLATFORM)
	

# 1 implicit rules, 0 (0.0%) terminal.

# Files

all:
#  Phony target (prerequisite of .PHONY).
#  Command-line target.
#  Implicit rule search has not been done.
#  Implicit/static pattern stem: `'
#  File does not exist.
#  File has been updated.
#  Failed to be updated.
# automatic
# @ := all
# automatic
# % := 
# automatic
# * := 
# automatic
# + := 
# automatic
# | := 
# automatic
# < := 
# automatic
# ^ := 
# automatic
# ? := 
# variable set hash-table stats:
# Load=8/32=25%, Rehash=0, Collisions=4/13=31%
#  commands to execute (from `Makefile', line 376):
	$(MAKE) $(MAKEFILE_PARAMS)
	

.PHONY: all clean
#  Implicit rule search has not been done.
#  Modification time never checked.
#  File has not been updated.

# Not a target:
main.c:
#  Implicit rule search has not been done.
#  Modification time never checked.
#  File has not been updated.

# Not a target:
.SUFFIXES:
#  Implicit rule search has not been done.
#  Modification time never checked.
#  File has not been updated.

# Not a target:
Makefile:
#  Implicit rule search has been done.
#  Last modified 2022-04-18 21:41:47
#  File has been updated.
#  Successfully updated.
# variable set hash-table stats:
# Load=0/32=0%, Rehash=0, Collisions=0/0=0%

# Not a target:
.DEFAULT:
#  Implicit rule search has not been done.
#  Modification time never checked.
#  File has not been updated.

clean:
#  Phony target (prerequisite of .PHONY).
#  Implicit rule search has not been done.
#  File does not exist.
#  File has not been updated.
#  commands to execute (from `Makefile', line 398):
	find . -type f -perm +ugo+x -delete
	rm -f *.o
	@echo Cleaning done
	

game: main.c
#  Implicit rule search has not been done.
#  Modification time never checked.
#  File has not been updated.
#  commands to execute (from `Makefile', line 380):
	$(CC) -o $(PROJECT_NAME)$(EXT) $(OBJS) $(CFLAGS) $(INCLUDE_PATHS) $(LDFLAGS) $(LDLIBS) -D$(PLATFORM)
	

# files hash-table stats:
# Load=8/1024=1%, Rehash=0, Collisions=0/26=0%
# VPATH Search Paths

# No `vpath' search paths.

# No general (`VPATH' variable) search path.

# # of strings in strcache: 1
# # of strcache buffers: 1
# strcache size: total = 4096 / max = 4096 / min = 4096 / avg = 4096
# strcache free: total = 4087 / max = 4087 / min = 4087 / avg = 4087

# Finished Make data base on Tue Apr 19 11:45:35 2022

 
